<?xml version="1.0" encoding="UTF-8"?>
<!-- Generated by org.testng.reporters.JUnitReportReporter -->
<testsuite hostname="DESKTOP-1895TI1" failures="0" tests="1" name="TestCase.VerifySignUPTestCase" time="35.377" errors="0" timestamp="2022-12-12T12:32:31 IST" skipped="0">
  <testcase classname="TestCase.VerifySignUPTestCase" name="SignUp" time="35.377"/>
  <system-out/>
</testsuite> <!-- TestCase.VerifySignUPTestCase -->
